Determining if the pthread_create exist failed with the following output:
Change Dir: /home/ubuntu/ros/myrobot_ws/build/CMakeFiles/CMakeTmp

Run Build Command:"/usr/bin/make" "cmTC_eb9ff/fast"
/usr/bin/make -f CMakeFiles/cmTC_eb9ff.dir/build.make CMakeFiles/cmTC_eb9ff.dir/build
make[1]: 进入目录“/home/ubuntu/ros/myrobot_ws/build/CMakeFiles/CMakeTmp”
Building C object CMakeFiles/cmTC_eb9ff.dir/CheckSymbolExists.c.o
/usr/bin/cc    -o CMakeFiles/cmTC_eb9ff.dir/CheckSymbolExists.c.o   -c /home/ubuntu/ros/myrobot_ws/build/CMakeFiles/CMakeTmp/CheckSymbolExists.c
Linking C executable cmTC_eb9ff
/usr/bin/cmake -E cmake_link_script CMakeFiles/cmTC_eb9ff.dir/link.txt --verbose=1
/usr/bin/cc      -rdynamic CMakeFiles/cmTC_eb9ff.dir/CheckSymbolExists.c.o  -o cmTC_eb9ff 
CMakeFiles/cmTC_eb9ff.dir/CheckSymbolExists.c.o：在函数‘main’中：
CheckSymbolExists.c:(.text+0x2c)：对‘pthread_create’未定义的引用
collect2: error: ld returned 1 exit status
CMakeFiles/cmTC_eb9ff.dir/build.make:97: recipe for target 'cmTC_eb9ff' failed
make[1]: *** [cmTC_eb9ff] Error 1
make[1]: 离开目录“/home/ubuntu/ros/myrobot_ws/build/CMakeFiles/CMakeTmp”
Makefile:126: recipe for target 'cmTC_eb9ff/fast' failed
make: *** [cmTC_eb9ff/fast] Error 2

File /home/ubuntu/ros/myrobot_ws/build/CMakeFiles/CMakeTmp/CheckSymbolExists.c:
/* */
#include <pthread.h>

int main(int argc, char** argv)
{
  (void)argv;
#ifndef pthread_create
  return ((int*)(&pthread_create))[argc];
#else
  (void)argc;
  return 0;
#endif
}

Determining if the function pthread_create exists in the pthreads failed with the following output:
Change Dir: /home/ubuntu/ros/myrobot_ws/build/CMakeFiles/CMakeTmp

Run Build Command:"/usr/bin/make" "cmTC_be96c/fast"
/usr/bin/make -f CMakeFiles/cmTC_be96c.dir/build.make CMakeFiles/cmTC_be96c.dir/build
make[1]: 进入目录“/home/ubuntu/ros/myrobot_ws/build/CMakeFiles/CMakeTmp”
Building C object CMakeFiles/cmTC_be96c.dir/CheckFunctionExists.c.o
/usr/bin/cc   -DCHECK_FUNCTION_EXISTS=pthread_create   -o CMakeFiles/cmTC_be96c.dir/CheckFunctionExists.c.o   -c /usr/share/cmake-3.10/Modules/CheckFunctionExists.c
Linking C executable cmTC_be96c
/usr/bin/cmake -E cmake_link_script CMakeFiles/cmTC_be96c.dir/link.txt --verbose=1
/usr/bin/cc  -DCHECK_FUNCTION_EXISTS=pthread_create    -rdynamic CMakeFiles/cmTC_be96c.dir/CheckFunctionExists.c.o  -o cmTC_be96c -lpthreads 
/usr/bin/ld: 找不到 -lpthreads
collect2: error: ld returned 1 exit status
CMakeFiles/cmTC_be96c.dir/build.make:97: recipe for target 'cmTC_be96c' failed
make[1]: *** [cmTC_be96c] Error 1
make[1]: 离开目录“/home/ubuntu/ros/myrobot_ws/build/CMakeFiles/CMakeTmp”
Makefile:126: recipe for target 'cmTC_be96c/fast' failed
make: *** [cmTC_be96c/fast] Error 2


