Determining if the pthread_create exist failed with the following output:
Change Dir: /home/ubuntu/ros/catkin_ws/build/CMakeFiles/CMakeTmp

Run Build Command:"/usr/bin/make" "cmTC_ca7a2/fast"
/usr/bin/make -f CMakeFiles/cmTC_ca7a2.dir/build.make CMakeFiles/cmTC_ca7a2.dir/build
make[1]: 进入目录“/home/ubuntu/ros/catkin_ws/build/CMakeFiles/CMakeTmp”
Building C object CMakeFiles/cmTC_ca7a2.dir/CheckSymbolExists.c.o
/usr/bin/cc    -o CMakeFiles/cmTC_ca7a2.dir/CheckSymbolExists.c.o   -c /home/ubuntu/ros/catkin_ws/build/CMakeFiles/CMakeTmp/CheckSymbolExists.c
Linking C executable cmTC_ca7a2
/usr/bin/cmake -E cmake_link_script CMakeFiles/cmTC_ca7a2.dir/link.txt --verbose=1
/usr/bin/cc      -rdynamic CMakeFiles/cmTC_ca7a2.dir/CheckSymbolExists.c.o  -o cmTC_ca7a2 
CMakeFiles/cmTC_ca7a2.dir/CheckSymbolExists.c.o：在函数‘main’中：
CheckSymbolExists.c:(.text+0x2c)：对‘pthread_create’未定义的引用
collect2: error: ld returned 1 exit status
CMakeFiles/cmTC_ca7a2.dir/build.make:97: recipe for target 'cmTC_ca7a2' failed
make[1]: *** [cmTC_ca7a2] Error 1
make[1]: 离开目录“/home/ubuntu/ros/catkin_ws/build/CMakeFiles/CMakeTmp”
Makefile:126: recipe for target 'cmTC_ca7a2/fast' failed
make: *** [cmTC_ca7a2/fast] Error 2

File /home/ubuntu/ros/catkin_ws/build/CMakeFiles/CMakeTmp/CheckSymbolExists.c:
/* */
#include <pthread.h>

int main(int argc, char** argv)
{
  (void)argv;
#ifndef pthread_create
  return ((int*)(&pthread_create))[argc];
#else
  (void)argc;
  return 0;
#endif
}

Determining if the function pthread_create exists in the pthreads failed with the following output:
Change Dir: /home/ubuntu/ros/catkin_ws/build/CMakeFiles/CMakeTmp

Run Build Command:"/usr/bin/make" "cmTC_2906d/fast"
/usr/bin/make -f CMakeFiles/cmTC_2906d.dir/build.make CMakeFiles/cmTC_2906d.dir/build
make[1]: 进入目录“/home/ubuntu/ros/catkin_ws/build/CMakeFiles/CMakeTmp”
Building C object CMakeFiles/cmTC_2906d.dir/CheckFunctionExists.c.o
/usr/bin/cc   -DCHECK_FUNCTION_EXISTS=pthread_create   -o CMakeFiles/cmTC_2906d.dir/CheckFunctionExists.c.o   -c /usr/share/cmake-3.10/Modules/CheckFunctionExists.c
Linking C executable cmTC_2906d
/usr/bin/cmake -E cmake_link_script CMakeFiles/cmTC_2906d.dir/link.txt --verbose=1
/usr/bin/cc  -DCHECK_FUNCTION_EXISTS=pthread_create    -rdynamic CMakeFiles/cmTC_2906d.dir/CheckFunctionExists.c.o  -o cmTC_2906d -lpthreads 
/usr/bin/ld: 找不到 -lpthreads
collect2: error: ld returned 1 exit status
CMakeFiles/cmTC_2906d.dir/build.make:97: recipe for target 'cmTC_2906d' failed
make[1]: *** [cmTC_2906d] Error 1
make[1]: 离开目录“/home/ubuntu/ros/catkin_ws/build/CMakeFiles/CMakeTmp”
Makefile:126: recipe for target 'cmTC_2906d/fast' failed
make: *** [cmTC_2906d/fast] Error 2


